Build started 1/18/2012 4:31:28 PM.
     1>Project "D:\WinDocs\UPenn\Courses\CIS660\2012\MayaPluginHw2\MyPlugin.vcxproj" on node 2 (build target(s)).
     1>InitializeBuildStatus:
         Touching "Win32\Debug\LSystemMaya.unsuccessfulbuild".
       ClCompile:
         c:\Program Files (x86)\Microsoft Visual Studio 10.0\VC\bin\CL.exe /c /I. /I"C:\Program Files\Autodesk\Maya2012\include" /Zi /nologo /W3 /WX- /Od /Oy- /D _DEBUG /D WIN32 /D _WINDOWS /D NT_PLUGIN /D REQUIRE_IOSTREAM /D _VC80_UPGRADE=0x0710 /D _WINDLL /Gm- /EHa /MDd /GS /fp:precise /Zc:wchar_t /Zc:forScope /Fo".Debug/" /Fd".\Debug/MyPlugin.pdb" /Gd /TP /wd4244 /wd4305 /wd4018 /analyze- /errorReport:prompt cylinder.cpp LSystem.cpp LSystemCmd.cpp PluginMain.cpp vec.cpp /GR /GS /EHac 
         cylinder.cpp
         LSystem.cpp
         LSystemCmd.cpp
         PluginMain.cpp
         vec.cpp
         Generating Code...
       ManifestResourceCompile:
         All outputs are up-to-date.
     1>C:\Program Files (x86)\MSBuild\Microsoft.Cpp\v4.0\Microsoft.CppBuild.targets(990,5): warning MSB8012: TargetPath(D:\WinDocs\UPenn\Courses\CIS660\2012\MayaPluginHw2\Win32\Debug\LSystemMaya.dll) does not match the Linker's OutputFile property value (D:\WinDocs\UPenn\Courses\CIS660\2012\MayaPluginHw2\LSystemd.mll). This may cause your project to build incorrectly. To correct this, please make sure that $(OutDir), $(TargetName) and $(TargetExt) property values match the value specified in %(Link.OutputFile).
     1>C:\Program Files (x86)\MSBuild\Microsoft.Cpp\v4.0\Microsoft.CppBuild.targets(991,5): warning MSB8012: TargetExt(.dll) does not match the Linker's OutputFile property value (.mll). This may cause your project to build incorrectly. To correct this, please make sure that $(OutDir), $(TargetName) and $(TargetExt) property values match the value specified in %(Link.OutputFile).
     1>C:\Program Files (x86)\MSBuild\Microsoft.Cpp\v4.0\Microsoft.CppBuild.targets(992,5): warning MSB8012: TargetName(LSystemMaya) does not match the Linker's OutputFile property value (LSystemd). This may cause your project to build incorrectly. To correct this, please make sure that $(OutDir), $(TargetName) and $(TargetExt) property values match the value specified in %(Link.OutputFile).
       Link:
         c:\Program Files (x86)\Microsoft Visual Studio 10.0\VC\bin\link.exe /ERRORREPORT:PROMPT /OUT:".\LSystemd.mll" /INCREMENTAL /NOLOGO /LIBPATH:"C:\Program Files\Autodesk\Maya2012\lib" odbc32.lib odbccp32.lib OpenMaya.lib OpenMayaRender.lib Foundation.lib kernel32.lib user32.lib gdi32.lib winspool.lib comdlg32.lib advapi32.lib shell32.lib ole32.lib oleaut32.lib uuid.lib odbc32.lib odbccp32.lib /MANIFEST /ManifestFile:"Win32\Debug\LSystemMaya.dll.intermediate.manifest" /MANIFESTUAC:"level='asInvoker' uiAccess='false'" /DEBUG /PDB:".\Debug/MyPlugin.pdb" /SUBSYSTEM:WINDOWS /TLBID:1 /DYNAMICBASE /NXCOMPAT /IMPLIB:".\Debug/MyPlugin.lib" /MACHINE:X86 /DLL Win32\Debug\LSystemMaya.dll.embed.manifest.res
         .Debug/cylinder.obj
         .Debug/LSystem.obj
         .Debug/LSystemCmd.obj
         .Debug/PluginMain.obj
         .Debug/vec.obj /export:initializePlugin /export:uninitializePlugin  
            Creating library .\Debug/MyPlugin.lib and object .\Debug/MyPlugin.exp
     1>cylinder.obj : error LNK2019: unresolved external symbol "__declspec(dllimport) public: __thiscall MPoint::~MPoint(void)" (__imp_??1MPoint@@QAE@XZ) referenced in function "public: __thiscall CylinderMesh::~CylinderMesh(void)" (??1CylinderMesh@@QAE@XZ)
     1>cylinder.obj : error LNK2019: unresolved external symbol "__declspec(dllimport) public: unsigned int __thiscall MPointArray::length(void)const " (__imp_?length@MPointArray@@QBEIXZ) referenced in function "public: __thiscall CylinderMesh::CylinderMesh(class MPoint const &,class MPoint const &,double)" (??0CylinderMesh@@QAE@ABVMPoint@@0N@Z)
     1>cylinder.obj : error LNK2019: unresolved external symbol "__declspec(dllimport) public: __thiscall MPoint::MPoint(class MPoint const &)" (__imp_??0MPoint@@QAE@ABV0@@Z) referenced in function "public: __thiscall CylinderMesh::CylinderMesh(class MPoint const &,class MPoint const &,double)" (??0CylinderMesh@@QAE@ABVMPoint@@0N@Z)
     1>cylinder.obj : error LNK2019: unresolved external symbol "__declspec(dllimport) public: class MStatus __thiscall MVectorArray::append(class MVector const &)" (__imp_?append@MVectorArray@@QAE?AVMStatus@@ABVMVector@@@Z) referenced in function "protected: void __thiscall CylinderMesh::transform(class MPointArray &,class MVectorArray &)" (?transform@CylinderMesh@@IAEXAAVMPointArray@@AAVMVectorArray@@@Z)
     1>cylinder.obj : error LNK2019: unresolved external symbol "__declspec(dllimport) public: class MVector __thiscall MVector::operator*(class MMatrix const &)const " (__imp_??DMVector@@QBE?AV0@ABVMMatrix@@@Z) referenced in function "protected: void __thiscall CylinderMesh::transform(class MPointArray &,class MVectorArray &)" (?transform@CylinderMesh@@IAEXAAVMPointArray@@AAVMVectorArray@@@Z)
     1>cylinder.obj : error LNK2019: unresolved external symbol "__declspec(dllimport) public: class MVector & __thiscall MVectorArray::operator[](unsigned int)" (__imp_??AMVectorArray@@QAEAAVMVector@@I@Z) referenced in function "protected: void __thiscall CylinderMesh::transform(class MPointArray &,class MVectorArray &)" (?transform@CylinderMesh@@IAEXAAVMPointArray@@AAVMVectorArray@@@Z)
     1>cylinder.obj : error LNK2019: unresolved external symbol "__declspec(dllimport) public: class MStatus __thiscall MPointArray::append(class MPoint const &)" (__imp_?append@MPointArray@@QAE?AVMStatus@@ABVMPoint@@@Z) referenced in function "protected: void __thiscall CylinderMesh::transform(class MPointArray &,class MVectorArray &)" (?transform@CylinderMesh@@IAEXAAVMPointArray@@AAVMVectorArray@@@Z)
     1>cylinder.obj : error LNK2019: unresolved external symbol "__declspec(dllimport) public: class MPoint & __thiscall MPoint::operator=(class MPoint const &)" (__imp_??4MPoint@@QAEAAV0@ABV0@@Z) referenced in function "protected: void __thiscall CylinderMesh::transform(class MPointArray &,class MVectorArray &)" (?transform@CylinderMesh@@IAEXAAVMPointArray@@AAVMVectorArray@@@Z)
     1>cylinder.obj : error LNK2019: unresolved external symbol "__declspec(dllimport) public: class MPoint __thiscall MPoint::operator+(class MVector const &)const " (__imp_??HMPoint@@QBE?AV0@ABVMVector@@@Z) referenced in function "protected: void __thiscall CylinderMesh::transform(class MPointArray &,class MVectorArray &)" (?transform@CylinderMesh@@IAEXAAVMPointArray@@AAVMVectorArray@@@Z)
     1>cylinder.obj : error LNK2019: unresolved external symbol "__declspec(dllimport) public: class MPoint __thiscall MPoint::operator*(class MMatrix const &)const " (__imp_??DMPoint@@QBE?AV0@ABVMMatrix@@@Z) referenced in function "protected: void __thiscall CylinderMesh::transform(class MPointArray &,class MVectorArray &)" (?transform@CylinderMesh@@IAEXAAVMPointArray@@AAVMVectorArray@@@Z)
     1>cylinder.obj : error LNK2019: unresolved external symbol "__declspec(dllimport) public: __thiscall MVector::MVector(class MPoint const &)" (__imp_??0MVector@@QAE@ABVMPoint@@@Z) referenced in function "protected: void __thiscall CylinderMesh::transform(class MPointArray &,class MVectorArray &)" (?transform@CylinderMesh@@IAEXAAVMPointArray@@AAVMVectorArray@@@Z)
     1>cylinder.obj : error LNK2019: unresolved external symbol "__declspec(dllimport) public: class MPoint & __thiscall MPointArray::operator[](unsigned int)" (__imp_??AMPointArray@@QAEAAVMPoint@@I@Z) referenced in function "protected: void __thiscall CylinderMesh::transform(class MPointArray &,class MVectorArray &)" (?transform@CylinderMesh@@IAEXAAVMPointArray@@AAVMVectorArray@@@Z)
     1>cylinder.obj : error LNK2019: unresolved external symbol "__declspec(dllimport) public: __thiscall MMatrix::~MMatrix(void)" (__imp_??1MMatrix@@QAE@XZ) referenced in function "protected: void __thiscall CylinderMesh::transform(class MPointArray &,class MVectorArray &)" (?transform@CylinderMesh@@IAEXAAVMPointArray@@AAVMVectorArray@@@Z)
     1>cylinder.obj : error LNK2019: unresolved external symbol "__declspec(dllimport) public: class MMatrix & __thiscall MMatrix::operator=(class MMatrix const &)" (__imp_??4MMatrix@@QAEAAV0@ABV0@@Z) referenced in function "protected: void __thiscall CylinderMesh::transform(class MPointArray &,class MVectorArray &)" (?transform@CylinderMesh@@IAEXAAVMPointArray@@AAVMVectorArray@@@Z)
     1>cylinder.obj : error LNK2019: unresolved external symbol "__declspec(dllimport) public: class MMatrix __thiscall MMatrix::transpose(void)const " (__imp_?transpose@MMatrix@@QBE?AV1@XZ) referenced in function "protected: void __thiscall CylinderMesh::transform(class MPointArray &,class MVectorArray &)" (?transform@CylinderMesh@@IAEXAAVMPointArray@@AAVMVectorArray@@@Z)
     1>cylinder.obj : error LNK2019: unresolved external symbol "__declspec(dllimport) public: double * __thiscall MMatrix::operator[](unsigned int)" (__imp_??AMMatrix@@QAEPANI@Z) referenced in function "protected: void __thiscall CylinderMesh::transform(class MPointArray &,class MVectorArray &)" (?transform@CylinderMesh@@IAEXAAVMPointArray@@AAVMVectorArray@@@Z)
     1>cylinder.obj : error LNK2019: unresolved external symbol "__declspec(dllimport) public: double & __thiscall MVector::operator[](unsigned int)" (__imp_??AMVector@@QAEAANI@Z) referenced in function "protected: void __thiscall CylinderMesh::transform(class MPointArray &,class MVectorArray &)" (?transform@CylinderMesh@@IAEXAAVMPointArray@@AAVMVectorArray@@@Z)
     1>cylinder.obj : error LNK2019: unresolved external symbol "__declspec(dllimport) public: __thiscall MMatrix::MMatrix(void)" (__imp_??0MMatrix@@QAE@XZ) referenced in function "protected: void __thiscall CylinderMesh::transform(class MPointArray &,class MVectorArray &)" (?transform@CylinderMesh@@IAEXAAVMPointArray@@AAVMVectorArray@@@Z)
     1>cylinder.obj : error LNK2019: unresolved external symbol "__declspec(dllimport) public: class MVector & __thiscall MVector::operator=(class MVector const &)" (__imp_??4MVector@@QAEAAV0@ABV0@@Z) referenced in function "protected: void __thiscall CylinderMesh::transform(class MPointArray &,class MVectorArray &)" (?transform@CylinderMesh@@IAEXAAVMPointArray@@AAVMVectorArray@@@Z)
     1>cylinder.obj : error LNK2019: unresolved external symbol "__declspec(dllimport) public: __thiscall MVector::MVector(void)" (__imp_??0MVector@@QAE@XZ) referenced in function "protected: void __thiscall CylinderMesh::transform(class MPointArray &,class MVectorArray &)" (?transform@CylinderMesh@@IAEXAAVMPointArray@@AAVMVectorArray@@@Z)
     1>cylinder.obj : error LNK2019: unresolved external symbol "__declspec(dllimport) public: __thiscall MVector::~MVector(void)" (__imp_??1MVector@@QAE@XZ) referenced in function "protected: void __thiscall CylinderMesh::transform(class MPointArray &,class MVectorArray &)" (?transform@CylinderMesh@@IAEXAAVMPointArray@@AAVMVectorArray@@@Z)
     1>cylinder.obj : error LNK2019: unresolved external symbol "__declspec(dllimport) public: class MVector __thiscall MVector::operator^(class MVector const &)const " (__imp_??TMVector@@QBE?AV0@ABV0@@Z) referenced in function "protected: void __thiscall CylinderMesh::transform(class MPointArray &,class MVectorArray &)" (?transform@CylinderMesh@@IAEXAAVMPointArray@@AAVMVectorArray@@@Z)
     1>cylinder.obj : error LNK2019: unresolved external symbol "__declspec(dllimport) public: __thiscall MVector::MVector(double,double,double)" (__imp_??0MVector@@QAE@NNN@Z) referenced in function "protected: void __thiscall CylinderMesh::transform(class MPointArray &,class MVectorArray &)" (?transform@CylinderMesh@@IAEXAAVMPointArray@@AAVMVectorArray@@@Z)
     1>cylinder.obj : error LNK2019: unresolved external symbol "__declspec(dllimport) public: class MStatus __thiscall MVector::normalize(void)" (__imp_?normalize@MVector@@QAE?AVMStatus@@XZ) referenced in function "protected: void __thiscall CylinderMesh::transform(class MPointArray &,class MVectorArray &)" (?transform@CylinderMesh@@IAEXAAVMPointArray@@AAVMVectorArray@@@Z)
     1>cylinder.obj : error LNK2019: unresolved external symbol "__declspec(dllimport) public: double __thiscall MVector::length(void)const " (__imp_?length@MVector@@QBENXZ) referenced in function "protected: void __thiscall CylinderMesh::transform(class MPointArray &,class MVectorArray &)" (?transform@CylinderMesh@@IAEXAAVMPointArray@@AAVMVectorArray@@@Z)
     1>cylinder.obj : error LNK2019: unresolved external symbol "__declspec(dllimport) public: class MVector __thiscall MPoint::operator-(class MPoint const &)const " (__imp_??GMPoint@@QBE?AVMVector@@ABV0@@Z) referenced in function "protected: void __thiscall CylinderMesh::transform(class MPointArray &,class MVectorArray &)" (?transform@CylinderMesh@@IAEXAAVMPointArray@@AAVMVectorArray@@@Z)
     1>cylinder.obj : error LNK2019: unresolved external symbol "__declspec(dllimport) public: __thiscall MPointArray::~MPointArray(void)" (__imp_??1MPointArray@@QAE@XZ) referenced in function "public: void __thiscall CylinderMesh::appendToMesh(class MPointArray &,class MIntArray &,class MIntArray &)" (?appendToMesh@CylinderMesh@@QAEXAAVMPointArray@@AAVMIntArray@@1@Z)
     1>cylinder.obj : error LNK2019: unresolved external symbol "__declspec(dllimport) public: __thiscall MVectorArray::~MVectorArray(void)" (__imp_??1MVectorArray@@QAE@XZ) referenced in function "public: void __thiscall CylinderMesh::appendToMesh(class MPointArray &,class MIntArray &,class MIntArray &)" (?appendToMesh@CylinderMesh@@QAEXAAVMPointArray@@AAVMIntArray@@1@Z)
     1>cylinder.obj : error LNK2019: unresolved external symbol "__declspec(dllimport) public: class MStatus __thiscall MIntArray::append(int)" (__imp_?append@MIntArray@@QAE?AVMStatus@@H@Z) referenced in function "public: void __thiscall CylinderMesh::appendToMesh(class MPointArray &,class MIntArray &,class MIntArray &)" (?appendToMesh@CylinderMesh@@QAEXAAVMPointArray@@AAVMIntArray@@1@Z)
     1>cylinder.obj : error LNK2019: unresolved external symbol "__declspec(dllimport) public: int & __thiscall MIntArray::operator[](unsigned int)" (__imp_??AMIntArray@@QAEAAHI@Z) referenced in function "public: void __thiscall CylinderMesh::appendToMesh(class MPointArray &,class MIntArray &,class MIntArray &)" (?appendToMesh@CylinderMesh@@QAEXAAVMPointArray@@AAVMIntArray@@1@Z)
     1>cylinder.obj : error LNK2019: unresolved external symbol "__declspec(dllimport) public: unsigned int __thiscall MIntArray::length(void)const " (__imp_?length@MIntArray@@QBEIXZ) referenced in function "public: void __thiscall CylinderMesh::appendToMesh(class MPointArray &,class MIntArray &,class MIntArray &)" (?appendToMesh@CylinderMesh@@QAEXAAVMPointArray@@AAVMIntArray@@1@Z)
     1>cylinder.obj : error LNK2019: unresolved external symbol "__declspec(dllimport) public: __thiscall MVectorArray::MVectorArray(void)" (__imp_??0MVectorArray@@QAE@XZ) referenced in function "public: void __thiscall CylinderMesh::appendToMesh(class MPointArray &,class MIntArray &,class MIntArray &)" (?appendToMesh@CylinderMesh@@QAEXAAVMPointArray@@AAVMIntArray@@1@Z)
     1>cylinder.obj : error LNK2019: unresolved external symbol "__declspec(dllimport) public: __thiscall MPointArray::MPointArray(void)" (__imp_??0MPointArray@@QAE@XZ) referenced in function "public: void __thiscall CylinderMesh::appendToMesh(class MPointArray &,class MIntArray &,class MIntArray &)" (?appendToMesh@CylinderMesh@@QAEXAAVMPointArray@@AAVMIntArray@@1@Z)
     1>cylinder.obj : error LNK2019: unresolved external symbol "__declspec(dllimport) public: class MIntArray & __thiscall MIntArray::operator=(class MIntArray const &)" (__imp_??4MIntArray@@QAEAAV0@ABV0@@Z) referenced in function "public: void __thiscall CylinderMesh::getMesh(class MPointArray &,class MIntArray &,class MIntArray &)" (?getMesh@CylinderMesh@@QAEXAAVMPointArray@@AAVMIntArray@@1@Z)
     1>cylinder.obj : error LNK2019: unresolved external symbol "__declspec(dllimport) public: __thiscall MPoint::MPoint(double,double,double,double)" (__imp_??0MPoint@@QAE@NNNN@Z) referenced in function "protected: static void __cdecl CylinderMesh::initCylinderMesh(double)" (?initCylinderMesh@CylinderMesh@@KAXN@Z)
     1>cylinder.obj : error LNK2019: unresolved external symbol "__declspec(dllimport) public: class MStatus __thiscall MIntArray::clear(void)" (__imp_?clear@MIntArray@@QAE?AVMStatus@@XZ) referenced in function "protected: static void __cdecl CylinderMesh::initCylinderMesh(double)" (?initCylinderMesh@CylinderMesh@@KAXN@Z)
     1>cylinder.obj : error LNK2019: unresolved external symbol "__declspec(dllimport) public: class MStatus __thiscall MVectorArray::clear(void)" (__imp_?clear@MVectorArray@@QAE?AVMStatus@@XZ) referenced in function "protected: static void __cdecl CylinderMesh::initCylinderMesh(double)" (?initCylinderMesh@CylinderMesh@@KAXN@Z)
     1>cylinder.obj : error LNK2019: unresolved external symbol "__declspec(dllimport) public: class MStatus __thiscall MPointArray::clear(void)" (__imp_?clear@MPointArray@@QAE?AVMStatus@@XZ) referenced in function "protected: static void __cdecl CylinderMesh::initCylinderMesh(double)" (?initCylinderMesh@CylinderMesh@@KAXN@Z)
     1>cylinder.obj : error LNK2019: unresolved external symbol "__declspec(dllimport) public: __thiscall MIntArray::MIntArray(void)" (__imp_??0MIntArray@@QAE@XZ) referenced in function "void __cdecl `dynamic initializer for 'protected: static class MIntArray CylinderMesh::gFaceCounts''(void)" (??__E?gFaceCounts@CylinderMesh@@1VMIntArray@@A@@YAXXZ)
     1>cylinder.obj : error LNK2019: unresolved external symbol "__declspec(dllimport) public: __thiscall MIntArray::~MIntArray(void)" (__imp_??1MIntArray@@QAE@XZ) referenced in function "void __cdecl `dynamic atexit destructor for 'protected: static class MIntArray CylinderMesh::gFaceCounts''(void)" (??__F?gFaceCounts@CylinderMesh@@1VMIntArray@@A@@YAXXZ)
     1>LSystemCmd.obj : error LNK2019: unresolved external symbol "__declspec(dllimport) public: virtual __thiscall MPxCommand::~MPxCommand(void)" (__imp_??1MPxCommand@@UAE@XZ) referenced in function "public: virtual __thiscall LSystemCmd::~LSystemCmd(void)" (??1LSystemCmd@@UAE@XZ)
     1>LSystemCmd.obj : error LNK2019: unresolved external symbol "__declspec(dllimport) public: __thiscall MPxCommand::MPxCommand(void)" (__imp_??0MPxCommand@@QAE@XZ) referenced in function "public: __thiscall LSystemCmd::LSystemCmd(void)" (??0LSystemCmd@@QAE@XZ)
     1>LSystemCmd.obj : error LNK2001: unresolved external symbol "public: virtual class MStatus __thiscall MPxCommand::undoIt(void)" (?undoIt@MPxCommand@@UAE?AVMStatus@@XZ)
     1>LSystemCmd.obj : error LNK2001: unresolved external symbol "public: virtual class MStatus __thiscall MPxCommand::redoIt(void)" (?redoIt@MPxCommand@@UAE?AVMStatus@@XZ)
     1>LSystemCmd.obj : error LNK2001: unresolved external symbol "public: virtual bool __thiscall MPxCommand::isUndoable(void)const " (?isUndoable@MPxCommand@@UBE_NXZ)
     1>LSystemCmd.obj : error LNK2001: unresolved external symbol "public: virtual bool __thiscall MPxCommand::hasSyntax(void)const " (?hasSyntax@MPxCommand@@UBE_NXZ)
     1>LSystemCmd.obj : error LNK2019: unresolved external symbol "__declspec(dllimport) public: __thiscall MStatus::MStatus(enum MStatus::MStatusCode)" (__imp_??0MStatus@@QAE@W4MStatusCode@0@@Z) referenced in function "public: virtual class MStatus __thiscall LSystemCmd::doIt(class MArgList const &)" (?doIt@LSystemCmd@@UAE?AVMStatus@@ABVMArgList@@@Z)
     1>PluginMain.obj : error LNK2001: unresolved external symbol "__declspec(dllimport) public: __thiscall MStatus::MStatus(enum MStatus::MStatusCode)" (__imp_??0MStatus@@QAE@W4MStatusCode@0@@Z)
     1>PluginMain.obj : error LNK2019: unresolved external symbol "__declspec(dllimport) public: __thiscall MObject::~MObject(void)" (__imp_??1MObject@@QAE@XZ) referenced in function "class MStatus __cdecl initializePlugin(class MObject)" (?initializePlugin@@YA?AVMStatus@@VMObject@@@Z)
     1>PluginMain.obj : error LNK2019: unresolved external symbol "__declspec(dllimport) public: virtual __thiscall MFnPlugin::~MFnPlugin(void)" (__imp_??1MFnPlugin@@UAE@XZ) referenced in function "class MStatus __cdecl initializePlugin(class MObject)" (?initializePlugin@@YA?AVMStatus@@VMObject@@@Z)
     1>PluginMain.obj : error LNK2019: unresolved external symbol "__declspec(dllimport) public: __thiscall MStatus::MStatus(class MStatus const &)" (__imp_??0MStatus@@QAE@ABV0@@Z) referenced in function "class MStatus __cdecl initializePlugin(class MObject)" (?initializePlugin@@YA?AVMStatus@@VMObject@@@Z)
     1>PluginMain.obj : error LNK2019: unresolved external symbol "__declspec(dllimport) public: void __thiscall MStatus::perror(char const *)const " (__imp_?perror@MStatus@@QBEXPBD@Z) referenced in function "class MStatus __cdecl initializePlugin(class MObject)" (?initializePlugin@@YA?AVMStatus@@VMObject@@@Z)
     1>PluginMain.obj : error LNK2019: unresolved external symbol "__declspec(dllimport) public: __thiscall MStatus::operator bool(void)const " (__imp_??BMStatus@@QBE_NXZ) referenced in function "class MStatus __cdecl initializePlugin(class MObject)" (?initializePlugin@@YA?AVMStatus@@VMObject@@@Z)
     1>PluginMain.obj : error LNK2019: unresolved external symbol "__declspec(dllimport) public: __thiscall MString::~MString(void)" (__imp_??1MString@@QAE@XZ) referenced in function "class MStatus __cdecl initializePlugin(class MObject)" (?initializePlugin@@YA?AVMStatus@@VMObject@@@Z)
     1>PluginMain.obj : error LNK2019: unresolved external symbol "__declspec(dllimport) public: class MStatus & __thiscall MStatus::operator=(class MStatus const &)" (__imp_??4MStatus@@QAEAAV0@ABV0@@Z) referenced in function "class MStatus __cdecl initializePlugin(class MObject)" (?initializePlugin@@YA?AVMStatus@@VMObject@@@Z)
     1>PluginMain.obj : error LNK2019: unresolved external symbol "__declspec(dllimport) public: class MStatus __thiscall MFnPlugin::registerCommand(class MString const &,void * (__cdecl*)(void),class MSyntax (__cdecl*)(void))" (__imp_?registerCommand@MFnPlugin@@QAE?AVMStatus@@ABVMString@@P6APAXXZP6A?AVMSyntax@@XZ@Z) referenced in function "class MStatus __cdecl initializePlugin(class MObject)" (?initializePlugin@@YA?AVMStatus@@VMObject@@@Z)
     1>PluginMain.obj : error LNK2019: unresolved external symbol "__declspec(dllimport) public: __thiscall MString::MString(char const *)" (__imp_??0MString@@QAE@PBD@Z) referenced in function "class MStatus __cdecl initializePlugin(class MObject)" (?initializePlugin@@YA?AVMStatus@@VMObject@@@Z)
     1>PluginMain.obj : error LNK2019: unresolved external symbol "__declspec(dllimport) public: __thiscall MFnPlugin::MFnPlugin(class MObject &,char const *,char const *,char const *,class MStatus *)" (__imp_??0MFnPlugin@@QAE@AAVMObject@@PBD11PAVMStatus@@@Z) referenced in function "class MStatus __cdecl initializePlugin(class MObject)" (?initializePlugin@@YA?AVMStatus@@VMObject@@@Z)
     1>PluginMain.obj : error LNK2019: unresolved external symbol "__declspec(dllimport) public: class MStatus __thiscall MFnPlugin::deregisterCommand(class MString const &)" (__imp_?deregisterCommand@MFnPlugin@@QAE?AVMStatus@@ABVMString@@@Z) referenced in function "class MStatus __cdecl uninitializePlugin(class MObject)" (?uninitializePlugin@@YA?AVMStatus@@VMObject@@@Z)
     1>.\LSystemd.mll : fatal error LNK1120: 58 unresolved externals
     1>Done Building Project "D:\WinDocs\UPenn\Courses\CIS660\2012\MayaPluginHw2\MyPlugin.vcxproj" (build target(s)) -- FAILED.

Build FAILED.

Time Elapsed 00:00:02.79
